2022-06-09 18:34:33.705903	[34mINFO[0m	config/config.go:20	[94m▶ [config] config file： ./config/config.yaml
[0m
2022-06-09 18:34:33.70647	[34mINFO[0m	config/config.go:24	[94m▶ [config] config file： {"server":{"lark_notify_key":"a2e58525-1da4-48ab-b120-e7e951259ed9","containers":["cross_chain_node-mysql-1"],"status":["start","stop"]}}
[0m
2022-06-09 18:34:39.871557	[34mINFO[0m	shell/shell.go:102	[94m▶ [shell] runEventsFormat: {cross_chain_node-mysql-1 kill 1654770879}
[0m
2022-06-09 18:34:41.194867	[34mINFO[0m	shell/shell.go:102	[94m▶ [shell] runEventsFormat: {cross_chain_node-mysql-1 die 1654770881}
[0m
2022-06-09 18:34:48.094607	[34mINFO[0m	notify/notify.go:57	[94m▶ [notify] sendLarkTextNotify req: {"StatusCode":0,"StatusMessage":"success"}
[0m
2022-06-09 18:34:54.952585	[34mINFO[0m	notify/notify.go:57	[94m▶ [notify] sendLarkTextNotify req: {"StatusCode":0,"StatusMessage":"success"}
[0m
2022-06-09 18:34:55.953485	[34mINFO[0m	shell/shell.go:102	[94m▶ [shell] runEventsFormat: {cross_chain_node-mysql-1 restart 1654770881}
[0m
2022-06-09 18:35:10.795584	[33mWARN[0m	cmd/main.go:64	[93m▶ [main] ExitMonitoring: interrupt
[0m
2022-06-09 18:35:10.795779	[33mWARN[0m	cmd/main.go:66	[93m▶ [main] close watcher ... 
[0m
2022-06-09 18:35:10.798516	[34mINFO[0m	shell/shell.go:106	[94m▶ [shell] runEventsFormat:  false
[0m
2022-06-09 18:35:10.798587	[31mERROR[0m	shell/shell.go:51	[91m▶ [shell] Exec err: %s cmd.Run() err: signal: killed
[0m
2022-06-09 18:35:11.802572	[33mWARN[0m	cmd/main.go:72	[93m▶ [main] success exit server. bye bye!
[0m
2022-06-09 18:35:11.802589	[34mINFO[0m	shell/shell.go:80	[94m▶ [shell] RunEventsFormat done
[0m
2022-06-09 18:36:52.048814	[34mINFO[0m	config/config.go:20	[94m▶ [config] config file： ./config/config.yaml
[0m
2022-06-09 18:36:52.050604	[34mINFO[0m	config/config.go:24	[94m▶ [config] config file： {"server":{"lark_notify_key":"a2e58525-1da4-48ab-b120-e7e951259ed9","containers":["cross_chain_node-mysql-1"],"status":["start","stop"]}}
[0m
2022-06-09 18:36:56.815276	[34mINFO[0m	shell/shell.go:103	[94m▶ [shell] runEventsFormat: {cross_chain_node-mysql-1 kill 1654771016}
[0m
2022-06-09 18:36:58.450249	[34mINFO[0m	shell/shell.go:103	[94m▶ [shell] runEventsFormat: {cross_chain_node-mysql-1 die 1654771018}
[0m
2022-06-09 18:37:05.12387	[34mINFO[0m	notify/notify.go:57	[94m▶ [notify] sendLarkTextNotify req: {"StatusCode":0,"StatusMessage":"success"}
[0m
2022-06-09 18:37:06.748246	[34mINFO[0m	notify/notify.go:57	[94m▶ [notify] sendLarkTextNotify req: {"StatusCode":0,"StatusMessage":"success"}
[0m
2022-06-09 18:37:07.752801	[34mINFO[0m	shell/shell.go:103	[94m▶ [shell] runEventsFormat: {cross_chain_node-mysql-1 restart 1654771018}
[0m
2022-06-09 18:37:28.916538	[34mINFO[0m	shell/shell.go:103	[94m▶ [shell] runEventsFormat: {cross_chain_node-mysql-1 exec_create: /bin/sh -c /healthcheck.sh 1654771048}
[0m
2022-06-09 18:37:29.91774	[34mINFO[0m	shell/shell.go:103	[94m▶ [shell] runEventsFormat: {cross_chain_node-mysql-1 exec_start: /bin/sh -c /healthcheck.sh 1654771048}
[0m
2022-06-09 18:37:30.922222	[34mINFO[0m	shell/shell.go:103	[94m▶ [shell] runEventsFormat: {cross_chain_node-mysql-1 exec_die 1654771049}
[0m
2022-06-09 18:37:31.925236	[34mINFO[0m	shell/shell.go:103	[94m▶ [shell] runEventsFormat: {cross_chain_node-mysql-1 health_status: healthy 1654771049}
[0m
2022-06-09 18:37:48.809136	[33mWARN[0m	cmd/main.go:64	[93m▶ [main] ExitMonitoring: interrupt
[0m
2022-06-09 18:37:48.809302	[33mWARN[0m	cmd/main.go:66	[93m▶ [main] close watcher ... 
[0m
2022-06-09 18:37:48.811528	[31mERROR[0m	shell/shell.go:86	[91m▶ [shell] c.StdoutReader.ReadLine err: %s read |0: file already closed
[0m
2022-06-09 18:37:48.81157	[31mERROR[0m	shell/shell.go:51	[91m▶ [shell] Exec err: %s cmd.Run() err: signal: killed
[0m
2022-06-09 18:37:48.811675	[34mINFO[0m	shell/shell.go:107	[94m▶ [shell] runEventsFormat:  false
[0m
2022-06-09 18:37:49.816986	[34mINFO[0m	shell/shell.go:80	[94m▶ [shell] RunEventsFormat done
[0m
2022-06-09 18:37:49.816973	[33mWARN[0m	cmd/main.go:72	[93m▶ [main] success exit server. bye bye!
[0m
